pnlAddPane();
nil
1
designOpen("C:/Users/IDEAL/Desktop/CA4/Q3/Q3.tr0");
nil
designOpen("C:\\Users\\IDEAL\\Desktop\\CA4\\Q3\\Q3.sp");
"D0"
t
pnlAddCurve(1, node(D0,"A0","v(clk)"), node(D0,"A0","TIME"));
nil
pnlAddCurve(1, node(D0,"A0","v(a)"), node(D0,"A0","TIME"));
nil
pnlAddCurve(1, node(D0,"A0","v(clk)"), node(D0,"A0","TIME"));
nil
pnlAddCurve(1, node(D0,"A0","v(cin)"), node(D0,"A0","TIME"));
nil
pnlUnselectPane(1, 0);
nil
pnlSelectPane(1);
nil
pnlAddPane();
nil
nil
2
pnlUnselectPane(2, 0);
nil
pnlSelectPane(2);
nil
pnlAddCurve(2, node(D0,"A0","v(cout)"), node(D0,"A0","TIME"));
nil
pnlAddCurve(2, node(D0,"A0","v(s)"), node(D0,"A0","TIME"));
nil
pnlDelCurve(2, node(D0,"A0","v(s)"), node(D0,"A0","TIME"));
nil
pnlAddPane();
nil
nil
3
pnlAddCurve(3, node(D0,"A0","v(s)"), node(D0,"A0","TIME"));
nil
pnlUnselectPane(3, 0);
nil
pnlSelectPane(2);
nil
pnlDelCurve(2, node(D0,"A0","v(cout)"), node(D0,"A0","TIME"));
nil
pnlAddCurve(2, node(D0,"A0","v(cout)"), node(D0,"A0","TIME"));
nil
pnlDelCurve(2, node(D0,"A0","v(cout)"), node(D0,"A0","TIME"));
nil
pnlUnselectPane(2, 0);
nil
pnlSelectPane(2);
nil
pnlAddCurve(2, node(D0,"A0","v(cout)"), node(D0,"A0","TIME"));
nil
quit();
exit
pnlDeletePane(3, 1);
nil
nil
pnlDeletePane(2, 1);
nil
nil
nil
pnlDeletePane(1, 1);
nil
nil
